# JRE version: OpenJDK Runtime Environment Microsoft-25199 (11.0.12+7) (build 11.0.12+7)
# Java VM: OpenJDK 64-Bit Server VM Microsoft-25199 (11.0.12+7, mixed mode, tiered, compressed oops, g1 gc, windows-amd64)
Heap:
 garbage-first heap   total 541696K, used 143317K [0x00000000c0000000, 0x0000000100000000)
  region size 1024K, 12 young (12288K), 12 survivors (12288K)
 Metaspace       used 14902K, capacity 15192K, committed 15488K, reserved 1062912K
  class space    used 1513K, capacity 1614K, committed 1664K, reserved 1048576K
GC Heap History (20 events):
Event: 4.800 GC heap after
{Heap after GC invocations=14 (full 0):
 garbage-first heap   total 76800K, used 49152K [0x00000000c0000000, 0x0000000100000000)
  region size 1024K, 3 young (3072K), 3 survivors (3072K)
 Metaspace       used 13010K, capacity 13204K, committed 13440K, reserved 1060864K
  class space    used 1289K, capacity 1349K, committed 1408K, reserved 1048576K
}
Event: 4.881 GC heap before
{Heap before GC invocations=15 (full 0):
 garbage-first heap   total 76800K, used 60416K [0x00000000c0000000, 0x0000000100000000)
  region size 1024K, 15 young (15360K), 3 survivors (3072K)
 Metaspace       used 13061K, capacity 13308K, committed 13440K, reserved 1060864K
  class space    used 1294K, capacity 1383K, committed 1408K, reserved 1048576K
}
Event: 4.915 GC heap after
{Heap after GC invocations=16 (full 0):
 garbage-first heap   total 76800K, used 52987K [0x00000000c0000000, 0x0000000100000000)
  region size 1024K, 2 young (2048K), 2 survivors (2048K)
 Metaspace       used 13061K, capacity 13308K, committed 13440K, reserved 1060864K
  class space    used 1294K, capacity 1383K, committed 1408K, reserved 1048576K
}
Event: 5.008 GC heap before
{Heap before GC invocations=16 (full 0):
 garbage-first heap   total 76800K, used 62203K [0x00000000c0000000, 0x0000000100000000)
  region size 1024K, 11 young (11264K), 2 survivors (2048K)
 Metaspace       used 13214K, capacity 13414K, committed 13440K, reserved 1060864K
  class space    used 1310K, capacity 1398K, committed 1408K, reserved 1048576K
}
Event: 5.031 GC heap after
{Heap after GC invocations=17 (full 0):
 garbage-first heap   total 143360K, used 55723K [0x00000000c0000000, 0x0000000100000000)
  region size 1024K, 2 young (2048K), 2 survivors (2048K)
 Metaspace       used 13214K, capacity 13414K, committed 13440K, reserved 1060864K
  class space    used 1310K, capacity 1398K, committed 1408K, reserved 1048576K
}
Event: 5.302 GC heap before
{Heap before GC invocations=18 (full 0):
 garbage-first heap   total 143360K, used 83371K [0x00000000c0000000, 0x0000000100000000)
  region size 1024K, 29 young (29696K), 2 survivors (2048K)
 Metaspace       used 13237K, capacity 13374K, committed 13696K, reserved 1060864K
  class space    used 1291K, capacity 1352K, committed 1408K, reserved 1048576K
}
Event: 5.338 GC heap after
{Heap after GC invocations=19 (full 0):
 garbage-first heap   total 143360K, used 62073K [0x00000000c0000000, 0x0000000100000000)
  region size 1024K, 4 young (4096K), 4 survivors (4096K)
 Metaspace       used 13237K, capacity 13374K, committed 13696K, reserved 1060864K
  class space    used 1291K, capacity 1352K, committed 1408K, reserved 1048576K
}
Event: 5.476 GC heap before
{Heap before GC invocations=19 (full 0):
 garbage-first heap   total 143360K, used 89721K [0x00000000c0000000, 0x0000000100000000)
  region size 1024K, 31 young (31744K), 4 survivors (4096K)
 Metaspace       used 13246K, capacity 13375K, committed 13696K, reserved 1060864K
  class space    used 1291K, capacity 1352K, committed 1408K, reserved 1048576K
}
Event: 5.510 GC heap after
{Heap after GC invocations=20 (full 0):
 garbage-first heap   total 143360K, used 67298K [0x00000000c0000000, 0x0000000100000000)
  region size 1024K, 4 young (4096K), 4 survivors (4096K)
 Metaspace       used 13246K, capacity 13375K, committed 13696K, reserved 1060864K
  class space    used 1291K, capacity 1352K, committed 1408K, reserved 1048576K
}
Event: 5.657 GC heap before
{Heap before GC invocations=20 (full 0):
 garbage-first heap   total 143360K, used 93922K [0x00000000c0000000, 0x0000000100000000)
  region size 1024K, 31 young (31744K), 4 survivors (4096K)
 Metaspace       used 13251K, capacity 13375K, committed 13696K, reserved 1060864K
  class space    used 1291K, capacity 1352K, committed 1408K, reserved 1048576K
}
Event: 5.703 GC heap after
{Heap after GC invocations=21 (full 0):
 garbage-first heap   total 143360K, used 74340K [0x00000000c0000000, 0x0000000100000000)
  region size 1024K, 4 young (4096K), 4 survivors (4096K)
 Metaspace       used 13251K, capacity 13375K, committed 13696K, reserved 1060864K
  class space    used 1291K, capacity 1352K, committed 1408K, reserved 1048576K
}
Event: 5.874 GC heap before
{Heap before GC invocations=21 (full 0):
 garbage-first heap   total 143360K, used 100964K [0x00000000c0000000, 0x0000000100000000)
  region size 1024K, 30 young (30720K), 4 survivors (4096K)
 Metaspace       used 13261K, capacity 13378K, committed 13696K, reserved 1060864K
  class space    used 1291K, capacity 1352K, committed 1408K, reserved 1048576K
}
Event: 5.927 GC heap after
{Heap after GC invocations=22 (full 0):
 garbage-first heap   total 319488K, used 80896K [0x00000000c0000000, 0x0000000100000000)
  region size 1024K, 4 young (4096K), 4 survivors (4096K)
 Metaspace       used 13261K, capacity 13378K, committed 13696K, reserved 1060864K
  class space    used 1291K, capacity 1352K, committed 1408K, reserved 1048576K
}
Event: 6.318 GC heap before
{Heap before GC invocations=23 (full 0):
 garbage-first heap   total 319488K, used 134144K [0x00000000c0000000, 0x0000000100000000)
  region size 1024K, 53 young (54272K), 4 survivors (4096K)
 Metaspace       used 13246K, capacity 13352K, committed 13696K, reserved 1060864K
  class space    used 1285K, capacity 1342K, committed 1408K, reserved 1048576K
}
Event: 6.367 GC heap after
{Heap after GC invocations=24 (full 0):
 garbage-first heap   total 319488K, used 95670K [0x00000000c0000000, 0x0000000100000000)
  region size 1024K, 7 young (7168K), 7 survivors (7168K)
 Metaspace       used 13246K, capacity 13352K, committed 13696K, reserved 1060864K
  class space    used 1285K, capacity 1342K, committed 1408K, reserved 1048576K
}
Event: 6.688 GC heap before
{Heap before GC invocations=24 (full 0):
 garbage-first heap   total 319488K, used 161206K [0x00000000c0000000, 0x0000000100000000)
  region size 1024K, 70 young (71680K), 7 survivors (7168K)
 Metaspace       used 13263K, capacity 13416K, committed 13696K, reserved 1060864K
  class space    used 1286K, capacity 1342K, committed 1408K, reserved 1048576K
}
Event: 6.776 GC heap after
{Heap after GC invocations=25 (full 0):
 garbage-first heap   total 319488K, used 110592K [0x00000000c0000000, 0x0000000100000000)
  region size 1024K, 9 young (9216K), 9 survivors (9216K)
 Metaspace       used 13263K, capacity 13416K, committed 13696K, reserved 1060864K
  class space    used 1286K, capacity 1342K, committed 1408K, reserved 1048576K
}
Event: 7.836 GC heap before
{Heap before GC invocations=25 (full 0):
 garbage-first heap   total 319488K, used 192512K [0x00000000c0000000, 0x0000000100000000)
  region size 1024K, 89 young (91136K), 9 survivors (9216K)
 Metaspace       used 14898K, capacity 15192K, committed 15488K, reserved 1062912K
  class space    used 1513K, capacity 1614K, committed 1664K, reserved 1048576K
}
Event: 7.890 GC heap after
{Heap after GC invocations=26 (full 0):
 garbage-first heap   total 319488K, used 126816K [0x00000000c0000000, 0x0000000100000000)
  region size 1024K, 12 young (12288K), 12 survivors (12288K)
 Metaspace       used 14898K, capacity 15192K, committed 15488K, reserved 1062912K
  class space    used 1513K, capacity 1614K, committed 1664K, reserved 1048576K
}
Event: 8.142 GC heap before
{Heap before GC invocations=26 (full 0):
 garbage-first heap   total 319488K, used 212832K [0x00000000c0000000, 0x0000000100000000)
  region size 1024K, 96 young (98304K), 12 survivors (12288K)
 Metaspace       used 14902K, capacity 15192K, committed 15488K, reserved 1062912K
  class space    used 1513K, capacity 1614K, committed 1664K, reserved 1048576K
}

